<?xml version="1.0" encoding="UTF-8" ?>
<testsuite errors="0" failures="0" hostname="chili" name="examples.VioletTest" tests="18" time="1.498" timestamp="2012-09-23T19:07:12">
  <properties>
[...]
</properties>
  <testcase classname="examples.VioletTest" name="testMainUnconnected" time="0.156" />
  <testcase classname="examples.VioletTest" name="testMain3" time="0.062" />
  <testcase classname="examples.VioletTest" name="testMain1" time="0.047" />
  <testcase classname="examples.VioletTest" name="testMainComp" time="0.047" />
  <testcase classname="examples.VioletTest" name="testMainCar" time="0.0" />
  <testcase classname="examples.VioletTest" name="testMain" time="0.0" />
  <testcase classname="examples.VioletTest" name="testMain40" time="0.14" />
  <testcase classname="examples.VioletTest" name="testMain4" time="0.047" />
  <testcase classname="examples.VioletTest" name="testMain30" time="0.14" />
  <testcase classname="examples.VioletTest" name="testMain20" time="0.141" />
  <testcase classname="examples.VioletTest" name="testMain2" time="0.031" />
  <testcase classname="examples.VioletTest" name="testMain5" time="0.047" />
  <testcase classname="examples.VioletTest" name="testMain6" time="0.031" />
  <testcase classname="examples.VioletTest" name="testMain7" time="0.031" />
  <testcase classname="examples.VioletTest" name="testMain10" time="0.125" />
  <testcase classname="examples.VioletTest" name="testMain50" time="0.124" />
  <testcase classname="examples.VioletTest" name="testMain60" time="0.125" />
  <testcase classname="examples.VioletTest" name="testMain70" time="0.125" />
  <system-out><![CDATA[]]></system-out>
  <system-err><![CDATA[]]></system-err>
</testsuite>
